<?xml version="1.0" encoding="UTF-8"?>
<!-- Generated by org.testng.reporters.JUnitXMLReporter -->
<testsuite hostname="DESKTOP-JF602DO" ignored="0" name="IE_Test" tests="2" failures="1" timestamp="25 Apr 2020 12:10:28 GMT" time="0.021" errors="0">
  <testcase name="FacebookLogin" time="0.002" classname="sprint_1.login"/>
  <testcase name="tc02" time="0.003" classname="sprint_1.login">
    <failure type="java.lang.AssertionError" message="expected [true] but found [false]">
      <![CDATA[java.lang.AssertionError: expected [true] but found [false]
	at sprint_1.login.tc02(login.java:36)
... Removed 29 stack frames]]>
    </failure>
  </testcase> <!-- tc02 -->
</testsuite> <!-- IE_Test -->
